<?xml version="1.0" encoding="UTF-8"?>
<!-- Generated by org.testng.reporters.JUnitReportReporter -->
<testsuite hostname="sbox-PC" name="com.project1.DemoProject.DemoTest1" tests="1" failures="0" timestamp="7 May 2019 10:12:35 GMT" time="1.038" errors="0">
  <testcase name="testEasy" time="1.038" classname="com.project1.DemoProject.DemoTest1"/>
</testsuite> <!-- com.project1.DemoProject.DemoTest1 -->
