<?xml version="1.0" encoding="UTF-8"?>
<!-- Generated by org.testng.reporters.JUnitReportReporter -->
<testsuite hostname="sbox-PC" name="com.projectautomation.test.DemoTest1" tests="1" failures="0" timestamp="16 May 2019 12:05:08 GMT" time="12.429" errors="0">
  <testcase name="LoginTest" time="12.429" classname="com.projectautomation.test.DemoTest1"/>
</testsuite> <!-- com.projectautomation.test.DemoTest1 -->
